http://ice5.securenetsystems.net/WFMW.m3u WFMW
http://50.7.98.106:8597/listen.pls WTRB
http://ice9.securenetsystems.net/WSEI.m3u WSEI
http://nyc04.egihosting.com:9654/listen.pls WGIL
http://icy3.abacast.com/zimmer_mid_mo-ksszfmaac-48.m3u KSSZ
http://ice1.securenetsystems.net/WZLT.m3u WZLT
http://ice10.securenetsystems.net/WTRO.m3u WTRO
http://stream.liquidcompass.net/WTAXAMAAC.pls WTAX
http://stream.liquidcompass.net/WKFNAMAAC.pls WKFN
http://stream.liquidcompass.net/WHQQFMAAC.pls WHQQ
http://ice5.securenetsystems.net/WLPO.m3u WLPO
http://ice8.securenetsystems.net/WSON.m3u WSON
http://ice7.securenetsystems.net/WYMC.m3u WYMC
http://173.193.205.96:2199/tunein/wnbs.pls WNBS
http://icy3.abacast.com/zimmer_mid_mo-katifmaac-48.m3u KATI
http://1.ice1.firststreaming.com:8000/kzym_am.aac.m3u KZYM
http://ice5.securenetsystems.net/KTMOFM.m3u KTMO
http://icy2.abacast.com/goodradio-kjelfm-32.m3u KJEL
http://www.serverroom.us/asx/listen276976.pls KMEM
http://crystalout.surfernetwork.com:8001/KXEO_MP3.m3u KXEO
http://provisioning.streamtheworld.com/pls/KMOXAM.pls KMOX
http://icy2.abacast.com/goodradio-kfbdfm-32.m3u KFBD
http://ice6.securenetsystems.net/KCRC.m3u KCRC
http://ice10.securenetsystems.net/WMSK.m3u WMSK
http://ice5.securenetsystems.net/WQTY.m3u WQTY
